This file contains any messages produced by compilers while
running configure, to aid debugging if configure makes a mistake.

It was created by lldpad configure 0.9.41, which was
generated by GNU Autoconf 2.69.  Invocation command line was

  $ ./configure 

## --------- ##
## Platform. ##
## --------- ##

hostname = c28-01
uname -m = x86_64
uname -r = 3.10.0-514.10.2.el7.x86_64
uname -s = Linux
uname -v = #1 SMP Fri Mar 3 00:04:05 UTC 2017

/usr/bin/uname -p = x86_64
/bin/uname -X     = unknown

/bin/arch              = x86_64
/usr/bin/arch -k       = unknown
/usr/convex/getsysinfo = unknown
/usr/bin/hostinfo      = unknown
/bin/machine           = unknown
/usr/bin/oslevel       = unknown
/bin/universe          = unknown

PATH: /sbin
PATH: /bin
PATH: /usr/sbin
PATH: /usr/bin
PATH: /opt/ibutils/bin
PATH: /opt/slurm/bin
PATH: /opt/slurm/sbin
PATH: /opt/dell/srvadmin/bin
PATH: /opt/dell/srvadmin/sbin


## ----------- ##
## Core tests. ##
## ----------- ##

configure:2460: checking for a BSD-compatible install
configure:2528: result: /bin/install -c
configure:2539: checking whether build environment is sane
configure:2594: result: yes
configure:2745: checking for a thread-safe mkdir -p
configure:2784: result: /bin/mkdir -p
configure:2791: checking for gawk
configure:2807: found /bin/gawk
configure:2818: result: gawk
configure:2829: checking whether make sets $(MAKE)
configure:2851: result: yes
configure:2880: checking whether make supports nested variables
configure:2897: result: yes
configure:3030: checking for gcc
configure:3046: found /bin/gcc
configure:3057: result: gcc
configure:3286: checking for C compiler version
configure:3295: gcc --version >&5
gcc (GCC) 4.8.5 20150623 (Red Hat 4.8.5-11)
Copyright (C) 2015 Free Software Foundation, Inc.
This is free software; see the source for copying conditions.  There is NO
warranty; not even for MERCHANTABILITY or FITNESS FOR A PARTICULAR PURPOSE.

configure:3306: $? = 0
configure:3295: gcc -v >&5
Using built-in specs.
COLLECT_GCC=gcc
COLLECT_LTO_WRAPPER=/usr/libexec/gcc/x86_64-redhat-linux/4.8.5/lto-wrapper
Target: x86_64-redhat-linux
Configured with: ../configure --prefix=/usr --mandir=/usr/share/man --infodir=/usr/share/info --with-bugurl=http://bugzilla.redhat.com/bugzilla --enable-bootstrap --enable-shared --enable-threads=posix --enable-checking=release --with-system-zlib --enable-__cxa_atexit --disable-libunwind-exceptions --enable-gnu-unique-object --enable-linker-build-id --with-linker-hash-style=gnu --enable-languages=c,c++,objc,obj-c++,java,fortran,ada,go,lto --enable-plugin --enable-initfini-array --disable-libgcj --with-isl=/builddir/build/BUILD/gcc-4.8.5-20150702/obj-x86_64-redhat-linux/isl-install --with-cloog=/builddir/build/BUILD/gcc-4.8.5-20150702/obj-x86_64-redhat-linux/cloog-install --enable-gnu-indirect-function --with-tune=generic --with-arch_32=x86-64 --build=x86_64-redhat-linux
Thread model: posix
gcc version 4.8.5 20150623 (Red Hat 4.8.5-11) (GCC) 
configure:3306: $? = 0
configure:3295: gcc -V >&5
gcc: error: unrecognized command line option '-V'
gcc: fatal error: no input files
compilation terminated.
configure:3306: $? = 4
configure:3295: gcc -qversion >&5
gcc: error: unrecognized command line option '-qversion'
gcc: fatal error: no input files
compilation terminated.
configure:3306: $? = 4
configure:3326: checking whether the C compiler works
configure:3348: gcc    conftest.c  >&5
configure:3352: $? = 0
configure:3400: result: yes
configure:3403: checking for C compiler default output file name
configure:3405: result: a.out
configure:3411: checking for suffix of executables
configure:3418: gcc -o conftest    conftest.c  >&5
configure:3422: $? = 0
configure:3444: result: 
configure:3466: checking whether we are cross compiling
configure:3474: gcc -o conftest    conftest.c  >&5
configure:3478: $? = 0
configure:3485: ./conftest
configure:3489: $? = 0
configure:3504: result: no
configure:3509: checking for suffix of object files
configure:3531: gcc -c   conftest.c >&5
configure:3535: $? = 0
configure:3556: result: o
configure:3560: checking whether we are using the GNU C compiler
configure:3579: gcc -c   conftest.c >&5
configure:3579: $? = 0
configure:3588: result: yes
configure:3597: checking whether gcc accepts -g
configure:3617: gcc -c -g  conftest.c >&5
configure:3617: $? = 0
configure:3658: result: yes
configure:3675: checking for gcc option to accept ISO C89
configure:3738: gcc  -c -g -O2  conftest.c >&5
configure:3738: $? = 0
configure:3751: result: none needed
configure:3782: checking for style of include used by make
configure:3810: result: GNU
configure:3836: checking dependency style of gcc
configure:3947: result: gcc3
configure:4020: checking for g++
configure:4036: found /bin/g++
configure:4047: result: g++
configure:4074: checking for C++ compiler version
configure:4083: g++ --version >&5
g++ (GCC) 4.8.5 20150623 (Red Hat 4.8.5-11)
Copyright (C) 2015 Free Software Foundation, Inc.
This is free software; see the source for copying conditions.  There is NO
warranty; not even for MERCHANTABILITY or FITNESS FOR A PARTICULAR PURPOSE.

configure:4094: $? = 0
configure:4083: g++ -v >&5
Using built-in specs.
COLLECT_GCC=g++
COLLECT_LTO_WRAPPER=/usr/libexec/gcc/x86_64-redhat-linux/4.8.5/lto-wrapper
Target: x86_64-redhat-linux
Configured with: ../configure --prefix=/usr --mandir=/usr/share/man --infodir=/usr/share/info --with-bugurl=http://bugzilla.redhat.com/bugzilla --enable-bootstrap --enable-shared --enable-threads=posix --enable-checking=release --with-system-zlib --enable-__cxa_atexit --disable-libunwind-exceptions --enable-gnu-unique-object --enable-linker-build-id --with-linker-hash-style=gnu --enable-languages=c,c++,objc,obj-c++,java,fortran,ada,go,lto --enable-plugin --enable-initfini-array --disable-libgcj --with-isl=/builddir/build/BUILD/gcc-4.8.5-20150702/obj-x86_64-redhat-linux/isl-install --with-cloog=/builddir/build/BUILD/gcc-4.8.5-20150702/obj-x86_64-redhat-linux/cloog-install --enable-gnu-indirect-function --with-tune=generic --with-arch_32=x86-64 --build=x86_64-redhat-linux
Thread model: posix
gcc version 4.8.5 20150623 (Red Hat 4.8.5-11) (GCC) 
configure:4094: $? = 0
configure:4083: g++ -V >&5
g++: error: unrecognized command line option '-V'
g++: fatal error: no input files
compilation terminated.
configure:4094: $? = 4
configure:4083: g++ -qversion >&5
g++: error: unrecognized command line option '-qversion'
g++: fatal error: no input files
compilation terminated.
configure:4094: $? = 4
configure:4098: checking whether we are using the GNU C++ compiler
configure:4117: g++ -c   conftest.cpp >&5
configure:4117: $? = 0
configure:4126: result: yes
configure:4135: checking whether g++ accepts -g
configure:4155: g++ -c -g  conftest.cpp >&5
configure:4155: $? = 0
configure:4196: result: yes
configure:4221: checking dependency style of g++
configure:4332: result: gcc3
configure:4352: checking for flex
configure:4382: result: no
configure:4352: checking for lex
configure:4382: result: no
configure:4536: checking build system type
configure:4550: result: x86_64-unknown-linux-gnu
configure:4570: checking host system type
configure:4583: result: x86_64-unknown-linux-gnu
configure:4624: checking how to print strings
configure:4651: result: printf
configure:4672: checking for a sed that does not truncate output
configure:4736: result: /bin/sed
configure:4754: checking for grep that handles long lines and -e
configure:4812: result: /bin/grep
configure:4817: checking for egrep
configure:4879: result: /bin/grep -E
configure:4884: checking for fgrep
configure:4946: result: /bin/grep -F
configure:4981: checking for ld used by gcc
configure:5048: result: /bin/ld
configure:5055: checking if the linker (/bin/ld) is GNU ld
configure:5070: result: yes
configure:5082: checking for BSD- or MS-compatible name lister (nm)
configure:5131: result: /bin/nm -B
configure:5261: checking the name lister (/bin/nm -B) interface
configure:5268: gcc -c -g -O2  conftest.c >&5
configure:5271: /bin/nm -B "conftest.o"
configure:5274: output
0000000000000000 B some_variable
configure:5281: result: BSD nm
configure:5284: checking whether ln -s works
configure:5288: result: yes
configure:5296: checking the maximum length of command line arguments
configure:5426: result: 1572864
configure:5443: checking whether the shell understands some XSI constructs
configure:5453: result: yes
configure:5457: checking whether the shell understands "+="
configure:5463: result: yes
configure:5498: checking how to convert x86_64-unknown-linux-gnu file names to x86_64-unknown-linux-gnu format
configure:5538: result: func_convert_file_noop
configure:5545: checking how to convert x86_64-unknown-linux-gnu file names to toolchain format
configure:5565: result: func_convert_file_noop
configure:5572: checking for /bin/ld option to reload object files
configure:5579: result: -r
configure:5653: checking for objdump
configure:5669: found /bin/objdump
configure:5680: result: objdump
configure:5712: checking how to recognize dependent libraries
configure:5914: result: pass_all
configure:5999: checking for dlltool
configure:6029: result: no
configure:6059: checking how to associate runtime and link libraries
configure:6086: result: printf %s\n
configure:6146: checking for ar
configure:6162: found /bin/ar
configure:6173: result: ar
configure:6210: checking for archiver @FILE support
configure:6227: gcc -c -g -O2  conftest.c >&5
configure:6227: $? = 0
configure:6230: ar cru libconftest.a @conftest.lst >&5
configure:6233: $? = 0
configure:6238: ar cru libconftest.a @conftest.lst >&5
ar: conftest.o: No such file or directory
configure:6241: $? = 1
configure:6253: result: @
configure:6311: checking for strip
configure:6327: found /bin/strip
configure:6338: result: strip
configure:6410: checking for ranlib
configure:6426: found /bin/ranlib
configure:6437: result: ranlib
configure:6539: checking command to parse /bin/nm -B output from gcc object
configure:6659: gcc -c -g -O2  conftest.c >&5
configure:6662: $? = 0
configure:6666: /bin/nm -B conftest.o \| sed -n -e 's/^.*[ ]\([ABCDGIRSTW][ABCDGIRSTW]*\)[ ][ ]*\([_A-Za-z][_A-Za-z0-9]*\)$/\1 \2 \2/p' | sed '/ __gnu_lto/d' \> conftest.nm
configure:6669: $? = 0
configure:6735: gcc -o conftest -g -O2   conftest.c conftstm.o >&5
configure:6738: $? = 0
configure:6776: result: ok
configure:6813: checking for sysroot
configure:6843: result: no
configure:6920: gcc -c -g -O2  conftest.c >&5
configure:6923: $? = 0
configure:7099: checking for mt
configure:7129: result: no
configure:7149: checking if : is a manifest tool
configure:7155: : '-?'
configure:7163: result: no
configure:7805: checking how to run the C preprocessor
configure:7836: gcc -E  conftest.c
configure:7836: $? = 0
configure:7850: gcc -E  conftest.c
conftest.c:11:28: fatal error: ac_nonexistent.h: No such file or directory
 #include <ac_nonexistent.h>
                            ^
compilation terminated.
configure:7850: $? = 1
configure: failed program was:
| /* confdefs.h */
| #define PACKAGE_NAME "lldpad"
| #define PACKAGE_TARNAME "lldpad"
| #define PACKAGE_VERSION "0.9.41"
| #define PACKAGE_STRING "lldpad 0.9.41"
| #define PACKAGE_BUGREPORT ""
| #define PACKAGE_URL ""
| #define PACKAGE "lldpad"
| #define VERSION "0.9.41"
| /* end confdefs.h.  */
| #include <ac_nonexistent.h>
configure:7875: result: gcc -E
configure:7895: gcc -E  conftest.c
configure:7895: $? = 0
configure:7909: gcc -E  conftest.c
conftest.c:11:28: fatal error: ac_nonexistent.h: No such file or directory
 #include <ac_nonexistent.h>
                            ^
compilation terminated.
configure:7909: $? = 1
configure: failed program was:
| /* confdefs.h */
| #define PACKAGE_NAME "lldpad"
| #define PACKAGE_TARNAME "lldpad"
| #define PACKAGE_VERSION "0.9.41"
| #define PACKAGE_STRING "lldpad 0.9.41"
| #define PACKAGE_BUGREPORT ""
| #define PACKAGE_URL ""
| #define PACKAGE "lldpad"
| #define VERSION "0.9.41"
| /* end confdefs.h.  */
| #include <ac_nonexistent.h>
configure:7938: checking for ANSI C header files
configure:7958: gcc -c -g -O2  conftest.c >&5
configure:7958: $? = 0
configure:8031: gcc -o conftest -g -O2   conftest.c  >&5
configure:8031: $? = 0
configure:8031: ./conftest
configure:8031: $? = 0
configure:8042: result: yes
configure:8055: checking for sys/types.h
configure:8055: gcc -c -g -O2  conftest.c >&5
configure:8055: $? = 0
configure:8055: result: yes
configure:8055: checking for sys/stat.h
configure:8055: gcc -c -g -O2  conftest.c >&5
configure:8055: $? = 0
configure:8055: result: yes
configure:8055: checking for stdlib.h
configure:8055: gcc -c -g -O2  conftest.c >&5
configure:8055: $? = 0
configure:8055: result: yes
configure:8055: checking for string.h
configure:8055: gcc -c -g -O2  conftest.c >&5
configure:8055: $? = 0
configure:8055: result: yes
configure:8055: checking for memory.h
configure:8055: gcc -c -g -O2  conftest.c >&5
configure:8055: $? = 0
configure:8055: result: yes
configure:8055: checking for strings.h
configure:8055: gcc -c -g -O2  conftest.c >&5
configure:8055: $? = 0
configure:8055: result: yes
configure:8055: checking for inttypes.h
configure:8055: gcc -c -g -O2  conftest.c >&5
configure:8055: $? = 0
configure:8055: result: yes
configure:8055: checking for stdint.h
configure:8055: gcc -c -g -O2  conftest.c >&5
configure:8055: $? = 0
configure:8055: result: yes
configure:8055: checking for unistd.h
configure:8055: gcc -c -g -O2  conftest.c >&5
configure:8055: $? = 0
configure:8055: result: yes
configure:8069: checking for dlfcn.h
configure:8069: gcc -c -g -O2  conftest.c >&5
configure:8069: $? = 0
configure:8069: result: yes
configure:8286: checking for objdir
configure:8301: result: .libs
configure:8568: checking if gcc supports -fno-rtti -fno-exceptions
configure:8586: gcc -c -g -O2  -fno-rtti -fno-exceptions conftest.c >&5
cc1: warning: command line option '-fno-rtti' is valid for C++/ObjC++ but not for C [enabled by default]
configure:8590: $? = 0
configure:8603: result: no
configure:8930: checking for gcc option to produce PIC
configure:8937: result: -fPIC -DPIC
configure:8945: checking if gcc PIC flag -fPIC -DPIC works
configure:8963: gcc -c -g -O2  -fPIC -DPIC -DPIC conftest.c >&5
configure:8967: $? = 0
configure:8980: result: yes
configure:9009: checking if gcc static flag -static works
configure:9037: result: yes
configure:9052: checking if gcc supports -c -o file.o
configure:9073: gcc -c -g -O2  -o out/conftest2.o conftest.c >&5
configure:9077: $? = 0
configure:9099: result: yes
configure:9107: checking if gcc supports -c -o file.o
configure:9154: result: yes
configure:9187: checking whether the gcc linker (/bin/ld -m elf_x86_64) supports shared libraries
configure:10340: result: yes
configure:10377: checking whether -lc should be explicitly linked in
configure:10385: gcc -c -g -O2  conftest.c >&5
configure:10388: $? = 0
configure:10403: gcc -shared  -fPIC -DPIC conftest.o  -v -Wl,-soname -Wl,conftest -o conftest 2\>\&1 \| /bin/grep  -lc  \>/dev/null 2\>\&1
configure:10406: $? = 0
configure:10420: result: no
configure:10580: checking dynamic linker characteristics
configure:11091: gcc -o conftest -g -O2   -Wl,-rpath -Wl,/foo conftest.c  >&5
configure:11091: $? = 0
configure:11317: result: GNU/Linux ld.so
configure:11424: checking how to hardcode library paths into programs
configure:11449: result: immediate
configure:11989: checking whether stripping libraries is possible
configure:11994: result: yes
configure:12029: checking if libtool supports shared libraries
configure:12031: result: yes
configure:12034: checking whether to build shared libraries
configure:12055: result: yes
configure:12058: checking whether to build static libraries
configure:12062: result: yes
configure:12085: checking how to run the C++ preprocessor
configure:12112: g++ -E  conftest.cpp
configure:12112: $? = 0
configure:12126: g++ -E  conftest.cpp
conftest.cpp:23:28: fatal error: ac_nonexistent.h: No such file or directory
 #include <ac_nonexistent.h>
                            ^
compilation terminated.
configure:12126: $? = 1
configure: failed program was:
| /* confdefs.h */
| #define PACKAGE_NAME "lldpad"
| #define PACKAGE_TARNAME "lldpad"
| #define PACKAGE_VERSION "0.9.41"
| #define PACKAGE_STRING "lldpad 0.9.41"
| #define PACKAGE_BUGREPORT ""
| #define PACKAGE_URL ""
| #define PACKAGE "lldpad"
| #define VERSION "0.9.41"
| #define STDC_HEADERS 1
| #define HAVE_SYS_TYPES_H 1
| #define HAVE_SYS_STAT_H 1
| #define HAVE_STDLIB_H 1
| #define HAVE_STRING_H 1
| #define HAVE_MEMORY_H 1
| #define HAVE_STRINGS_H 1
| #define HAVE_INTTYPES_H 1
| #define HAVE_STDINT_H 1
| #define HAVE_UNISTD_H 1
| #define HAVE_DLFCN_H 1
| #define LT_OBJDIR ".libs/"
| /* end confdefs.h.  */
| #include <ac_nonexistent.h>
configure:12151: result: g++ -E
configure:12171: g++ -E  conftest.cpp
configure:12171: $? = 0
configure:12185: g++ -E  conftest.cpp
conftest.cpp:23:28: fatal error: ac_nonexistent.h: No such file or directory
 #include <ac_nonexistent.h>
                            ^
compilation terminated.
configure:12185: $? = 1
configure: failed program was:
| /* confdefs.h */
| #define PACKAGE_NAME "lldpad"
| #define PACKAGE_TARNAME "lldpad"
| #define PACKAGE_VERSION "0.9.41"
| #define PACKAGE_STRING "lldpad 0.9.41"
| #define PACKAGE_BUGREPORT ""
| #define PACKAGE_URL ""
| #define PACKAGE "lldpad"
| #define VERSION "0.9.41"
| #define STDC_HEADERS 1
| #define HAVE_SYS_TYPES_H 1
| #define HAVE_SYS_STAT_H 1
| #define HAVE_STDLIB_H 1
| #define HAVE_STRING_H 1
| #define HAVE_MEMORY_H 1
| #define HAVE_STRINGS_H 1
| #define HAVE_INTTYPES_H 1
| #define HAVE_STDINT_H 1
| #define HAVE_UNISTD_H 1
| #define HAVE_DLFCN_H 1
| #define LT_OBJDIR ".libs/"
| /* end confdefs.h.  */
| #include <ac_nonexistent.h>
configure:12354: checking for ld used by g++
configure:12421: result: /bin/ld -m elf_x86_64
configure:12428: checking if the linker (/bin/ld -m elf_x86_64) is GNU ld
configure:12443: result: yes
configure:12498: checking whether the g++ linker (/bin/ld -m elf_x86_64) supports shared libraries
configure:13503: result: yes
configure:13539: g++ -c -g -O2  conftest.cpp >&5
configure:13542: $? = 0
configure:14062: checking for g++ option to produce PIC
configure:14069: result: -fPIC -DPIC
configure:14077: checking if g++ PIC flag -fPIC -DPIC works
configure:14095: g++ -c -g -O2  -fPIC -DPIC -DPIC conftest.cpp >&5
configure:14099: $? = 0
configure:14112: result: yes
configure:14135: checking if g++ static flag -static works
configure:14163: result: yes
configure:14175: checking if g++ supports -c -o file.o
configure:14196: g++ -c -g -O2  -o out/conftest2.o conftest.cpp >&5
configure:14200: $? = 0
configure:14222: result: yes
configure:14227: checking if g++ supports -c -o file.o
configure:14274: result: yes
configure:14304: checking whether the g++ linker (/bin/ld -m elf_x86_64) supports shared libraries
configure:14340: result: yes
configure:14481: checking dynamic linker characteristics
configure:15152: result: GNU/Linux ld.so
configure:15205: checking how to hardcode library paths into programs
configure:15230: result: immediate
configure:15346: checking for pkg-config
configure:15364: found /bin/pkg-config
configure:15376: result: /bin/pkg-config
configure:15401: checking pkg-config is at least version 0.9.0
configure:15404: result: yes
configure:15414: checking for LIBCONFIG
configure:15421: $PKG_CONFIG --exists --print-errors "libconfig >= 1.3.2"
configure:15424: $? = 0
configure:15438: $PKG_CONFIG --exists --print-errors "libconfig >= 1.3.2"
configure:15441: $? = 0
configure:15499: result: yes
configure:15505: checking for LIBNL
configure:15512: $PKG_CONFIG --exists --print-errors "libnl-1 >= 1.1"
configure:15515: $? = 0
configure:15529: $PKG_CONFIG --exists --print-errors "libnl-1 >= 1.1"
configure:15532: $? = 0
configure:15590: result: yes
configure:15598: checking for rtnl_link_get_by_name in -lnl
configure:15623: gcc -o conftest -g -O2   conftest.c -lnl   >&5
configure:15623: $? = 0
configure:15632: result: yes
configure:15646: checking for alarm
configure:15646: gcc -o conftest -g -O2   conftest.c -lnl  >&5
configure:15646: $? = 0
configure:15646: result: yes
configure:15657: checking for gettimeofday
configure:15657: gcc -o conftest -g -O2   conftest.c -lnl  >&5
configure:15657: $? = 0
configure:15657: result: yes
configure:15668: checking for inet_ntoa
configure:15668: gcc -o conftest -g -O2   conftest.c -lnl  >&5
configure:15668: $? = 0
configure:15668: result: yes
configure:15679: checking for memmove
configure:15679: gcc -o conftest -g -O2   conftest.c -lnl  >&5
conftest.c:50:6: warning: conflicting types for built-in function 'memmove' [enabled by default]
 char memmove ();
      ^
configure:15679: $? = 0
configure:15679: result: yes
configure:15690: checking for memset
configure:15690: gcc -o conftest -g -O2   conftest.c -lnl  >&5
conftest.c:51:6: warning: conflicting types for built-in function 'memset' [enabled by default]
 char memset ();
      ^
configure:15690: $? = 0
configure:15690: result: yes
configure:15701: checking for mkdir
configure:15701: gcc -o conftest -g -O2   conftest.c -lnl  >&5
configure:15701: $? = 0
configure:15701: result: yes
configure:15712: checking for rmdir
configure:15712: gcc -o conftest -g -O2   conftest.c -lnl  >&5
configure:15712: $? = 0
configure:15712: result: yes
configure:15723: checking for select
configure:15723: gcc -o conftest -g -O2   conftest.c -lnl  >&5
configure:15723: $? = 0
configure:15723: result: yes
configure:15734: checking for socket
configure:15734: gcc -o conftest -g -O2   conftest.c -lnl  >&5
configure:15734: $? = 0
configure:15734: result: yes
configure:15745: checking for strcasecmp
configure:15745: gcc -o conftest -g -O2   conftest.c -lnl  >&5
conftest.c:56:6: warning: conflicting types for built-in function 'strcasecmp' [enabled by default]
 char strcasecmp ();
      ^
configure:15745: $? = 0
configure:15745: result: yes
configure:15756: checking for strdup
configure:15756: gcc -o conftest -g -O2   conftest.c -lnl  >&5
conftest.c:57:6: warning: conflicting types for built-in function 'strdup' [enabled by default]
 char strdup ();
      ^
configure:15756: $? = 0
configure:15756: result: yes
configure:15767: checking for strncasecmp
configure:15767: gcc -o conftest -g -O2   conftest.c -lnl  >&5
conftest.c:58:6: warning: conflicting types for built-in function 'strncasecmp' [enabled by default]
 char strncasecmp ();
      ^
configure:15767: $? = 0
configure:15767: result: yes
configure:15778: checking for strtol
configure:15778: gcc -o conftest -g -O2   conftest.c -lnl  >&5
configure:15778: $? = 0
configure:15778: result: yes
configure:15789: checking for strtoul
configure:15789: gcc -o conftest -g -O2   conftest.c -lnl  >&5
configure:15789: $? = 0
configure:15789: result: yes
configure:15800: checking for uname
configure:15800: gcc -o conftest -g -O2   conftest.c -lnl  >&5
configure:15800: $? = 0
configure:15800: result: yes
configure:15810: checking libconfig.h usability
configure:15810: gcc -c -g -O2  conftest.c >&5
configure:15810: $? = 0
configure:15810: result: yes
configure:15810: checking libconfig.h presence
configure:15810: gcc -E  conftest.c
configure:15810: $? = 0
configure:15810: result: yes
configure:15810: checking for libconfig.h
configure:15810: result: yes
configure:15822: checking arpa/inet.h usability
configure:15822: gcc -c -g -O2  conftest.c >&5
configure:15822: $? = 0
configure:15822: result: yes
configure:15822: checking arpa/inet.h presence
configure:15822: gcc -E  conftest.c
configure:15822: $? = 0
configure:15822: result: yes
configure:15822: checking for arpa/inet.h
configure:15822: result: yes
configure:15834: checking fcntl.h usability
configure:15834: gcc -c -g -O2  conftest.c >&5
configure:15834: $? = 0
configure:15834: result: yes
configure:15834: checking fcntl.h presence
configure:15834: gcc -E  conftest.c
configure:15834: $? = 0
configure:15834: result: yes
configure:15834: checking for fcntl.h
configure:15834: result: yes
configure:15846: checking netdb.h usability
configure:15846: gcc -c -g -O2  conftest.c >&5
configure:15846: $? = 0
configure:15846: result: yes
configure:15846: checking netdb.h presence
configure:15846: gcc -E  conftest.c
configure:15846: $? = 0
configure:15846: result: yes
configure:15846: checking for netdb.h
configure:15846: result: yes
configure:15858: checking netinet/in.h usability
configure:15858: gcc -c -g -O2  conftest.c >&5
configure:15858: $? = 0
configure:15858: result: yes
configure:15858: checking netinet/in.h presence
configure:15858: gcc -E  conftest.c
configure:15858: $? = 0
configure:15858: result: yes
configure:15858: checking for netinet/in.h
configure:15858: result: yes
configure:15870: checking sys/file.h usability
configure:15870: gcc -c -g -O2  conftest.c >&5
configure:15870: $? = 0
configure:15870: result: yes
configure:15870: checking sys/file.h presence
configure:15870: gcc -E  conftest.c
configure:15870: $? = 0
configure:15870: result: yes
configure:15870: checking for sys/file.h
configure:15870: result: yes
configure:15882: checking sys/ioctl.h usability
configure:15882: gcc -c -g -O2  conftest.c >&5
configure:15882: $? = 0
configure:15882: result: yes
configure:15882: checking sys/ioctl.h presence
configure:15882: gcc -E  conftest.c
configure:15882: $? = 0
configure:15882: result: yes
configure:15882: checking for sys/ioctl.h
configure:15882: result: yes
configure:15894: checking sys/socket.h usability
configure:15894: gcc -c -g -O2  conftest.c >&5
configure:15894: $? = 0
configure:15894: result: yes
configure:15894: checking sys/socket.h presence
configure:15894: gcc -E  conftest.c
configure:15894: $? = 0
configure:15894: result: yes
configure:15894: checking for sys/socket.h
configure:15894: result: yes
configure:15906: checking syslog.h usability
configure:15906: gcc -c -g -O2  conftest.c >&5
configure:15906: $? = 0
configure:15906: result: yes
configure:15906: checking syslog.h presence
configure:15906: gcc -E  conftest.c
configure:15906: $? = 0
configure:15906: result: yes
configure:15906: checking for syslog.h
configure:15906: result: yes
configure:15917: checking for inline
configure:15933: gcc -c -g -O2  conftest.c >&5
configure:15933: $? = 0
configure:15941: result: inline
configure:15959: checking for uid_t in sys/types.h
configure:15978: result: yes
configure:15991: checking for unistd.h
configure:15991: result: yes
configure:16001: checking for working chown
configure:16034: gcc -o conftest -g -O2   conftest.c -lnl  >&5
configure:16034: $? = 0
configure:16034: ./conftest
configure:16034: $? = 0
configure:16046: result: yes
configure:16056: checking for stdlib.h
configure:16056: result: yes
configure:16066: checking for GNU libc compatible malloc
configure:16090: gcc -o conftest -g -O2   conftest.c -lnl  >&5
configure:16090: $? = 0
configure:16090: ./conftest
configure:16090: $? = 0
configure:16100: result: yes
configure:16123: checking for stdlib.h
configure:16123: result: yes
configure:16133: checking for GNU libc compatible realloc
configure:16157: gcc -o conftest -g -O2   conftest.c -lnl  >&5
configure:16157: $? = 0
configure:16157: ./conftest
configure:16157: $? = 0
configure:16167: result: yes
configure:16188: checking for stdbool.h that conforms to C99
configure:16255: gcc -c -g -O2  conftest.c >&5
configure:16255: $? = 0
configure:16262: result: yes
configure:16264: checking for _Bool
configure:16264: gcc -c -g -O2  conftest.c >&5
configure:16264: $? = 0
configure:16264: gcc -c -g -O2  conftest.c >&5
conftest.c: In function 'main':
conftest.c:89:20: error: expected expression before ')' token
 if (sizeof ((_Bool)))
                    ^
configure:16264: $? = 1
configure: failed program was:
| /* confdefs.h */
| #define PACKAGE_NAME "lldpad"
| #define PACKAGE_TARNAME "lldpad"
| #define PACKAGE_VERSION "0.9.41"
| #define PACKAGE_STRING "lldpad 0.9.41"
| #define PACKAGE_BUGREPORT ""
| #define PACKAGE_URL ""
| #define PACKAGE "lldpad"
| #define VERSION "0.9.41"
| #define STDC_HEADERS 1
| #define HAVE_SYS_TYPES_H 1
| #define HAVE_SYS_STAT_H 1
| #define HAVE_STDLIB_H 1
| #define HAVE_STRING_H 1
| #define HAVE_MEMORY_H 1
| #define HAVE_STRINGS_H 1
| #define HAVE_INTTYPES_H 1
| #define HAVE_STDINT_H 1
| #define HAVE_UNISTD_H 1
| #define HAVE_DLFCN_H 1
| #define LT_OBJDIR ".libs/"
| #define HAVE_LIBNL 1
| #define HAVE_ALARM 1
| #define HAVE_GETTIMEOFDAY 1
| #define HAVE_INET_NTOA 1
| #define HAVE_MEMMOVE 1
| #define HAVE_MEMSET 1
| #define HAVE_MKDIR 1
| #define HAVE_RMDIR 1
| #define HAVE_SELECT 1
| #define HAVE_SOCKET 1
| #define HAVE_STRCASECMP 1
| #define HAVE_STRDUP 1
| #define HAVE_STRNCASECMP 1
| #define HAVE_STRTOL 1
| #define HAVE_STRTOUL 1
| #define HAVE_UNAME 1
| #define HAVE_ARPA_INET_H 1
| #define HAVE_FCNTL_H 1
| #define HAVE_NETDB_H 1
| #define HAVE_NETINET_IN_H 1
| #define HAVE_SYS_FILE_H 1
| #define HAVE_SYS_IOCTL_H 1
| #define HAVE_SYS_SOCKET_H 1
| #define HAVE_SYSLOG_H 1
| #define HAVE_UNISTD_H 1
| #define HAVE_CHOWN 1
| #define HAVE_STDLIB_H 1
| #define HAVE_MALLOC 1
| #define HAVE_STDLIB_H 1
| #define HAVE_REALLOC 1
| /* end confdefs.h.  */
| #include <stdio.h>
| #ifdef HAVE_SYS_TYPES_H
| # include <sys/types.h>
| #endif
| #ifdef HAVE_SYS_STAT_H
| # include <sys/stat.h>
| #endif
| #ifdef STDC_HEADERS
| # include <stdlib.h>
| # include <stddef.h>
| #else
| # ifdef HAVE_STDLIB_H
| #  include <stdlib.h>
| # endif
| #endif
| #ifdef HAVE_STRING_H
| # if !defined STDC_HEADERS && defined HAVE_MEMORY_H
| #  include <memory.h>
| # endif
| # include <string.h>
| #endif
| #ifdef HAVE_STRINGS_H
| # include <strings.h>
| #endif
| #ifdef HAVE_INTTYPES_H
| # include <inttypes.h>
| #endif
| #ifdef HAVE_STDINT_H
| # include <stdint.h>
| #endif
| #ifdef HAVE_UNISTD_H
| # include <unistd.h>
| #endif
| int
| main ()
| {
| if (sizeof ((_Bool)))
| 	    return 0;
|   ;
|   return 0;
| }
configure:16264: result: yes
configure:16283: checking for pid_t
configure:16283: gcc -c -g -O2  conftest.c >&5
configure:16283: $? = 0
configure:16283: gcc -c -g -O2  conftest.c >&5
conftest.c: In function 'main':
conftest.c:91:20: error: expected expression before ')' token
 if (sizeof ((pid_t)))
                    ^
configure:16283: $? = 1
configure: failed program was:
| /* confdefs.h */
| #define PACKAGE_NAME "lldpad"
| #define PACKAGE_TARNAME "lldpad"
| #define PACKAGE_VERSION "0.9.41"
| #define PACKAGE_STRING "lldpad 0.9.41"
| #define PACKAGE_BUGREPORT ""
| #define PACKAGE_URL ""
| #define PACKAGE "lldpad"
| #define VERSION "0.9.41"
| #define STDC_HEADERS 1
| #define HAVE_SYS_TYPES_H 1
| #define HAVE_SYS_STAT_H 1
| #define HAVE_STDLIB_H 1
| #define HAVE_STRING_H 1
| #define HAVE_MEMORY_H 1
| #define HAVE_STRINGS_H 1
| #define HAVE_INTTYPES_H 1
| #define HAVE_STDINT_H 1
| #define HAVE_UNISTD_H 1
| #define HAVE_DLFCN_H 1
| #define LT_OBJDIR ".libs/"
| #define HAVE_LIBNL 1
| #define HAVE_ALARM 1
| #define HAVE_GETTIMEOFDAY 1
| #define HAVE_INET_NTOA 1
| #define HAVE_MEMMOVE 1
| #define HAVE_MEMSET 1
| #define HAVE_MKDIR 1
| #define HAVE_RMDIR 1
| #define HAVE_SELECT 1
| #define HAVE_SOCKET 1
| #define HAVE_STRCASECMP 1
| #define HAVE_STRDUP 1
| #define HAVE_STRNCASECMP 1
| #define HAVE_STRTOL 1
| #define HAVE_STRTOUL 1
| #define HAVE_UNAME 1
| #define HAVE_ARPA_INET_H 1
| #define HAVE_FCNTL_H 1
| #define HAVE_NETDB_H 1
| #define HAVE_NETINET_IN_H 1
| #define HAVE_SYS_FILE_H 1
| #define HAVE_SYS_IOCTL_H 1
| #define HAVE_SYS_SOCKET_H 1
| #define HAVE_SYSLOG_H 1
| #define HAVE_UNISTD_H 1
| #define HAVE_CHOWN 1
| #define HAVE_STDLIB_H 1
| #define HAVE_MALLOC 1
| #define HAVE_STDLIB_H 1
| #define HAVE_REALLOC 1
| #define HAVE__BOOL 1
| #define HAVE_STDBOOL_H 1
| /* end confdefs.h.  */
| #include <stdio.h>
| #ifdef HAVE_SYS_TYPES_H
| # include <sys/types.h>
| #endif
| #ifdef HAVE_SYS_STAT_H
| # include <sys/stat.h>
| #endif
| #ifdef STDC_HEADERS
| # include <stdlib.h>
| # include <stddef.h>
| #else
| # ifdef HAVE_STDLIB_H
| #  include <stdlib.h>
| # endif
| #endif
| #ifdef HAVE_STRING_H
| # if !defined STDC_HEADERS && defined HAVE_MEMORY_H
| #  include <memory.h>
| # endif
| # include <string.h>
| #endif
| #ifdef HAVE_STRINGS_H
| # include <strings.h>
| #endif
| #ifdef HAVE_INTTYPES_H
| # include <inttypes.h>
| #endif
| #ifdef HAVE_STDINT_H
| # include <stdint.h>
| #endif
| #ifdef HAVE_UNISTD_H
| # include <unistd.h>
| #endif
| int
| main ()
| {
| if (sizeof ((pid_t)))
| 	    return 0;
|   ;
|   return 0;
| }
configure:16283: result: yes
configure:16294: checking for size_t
configure:16294: gcc -c -g -O2  conftest.c >&5
configure:16294: $? = 0
configure:16294: gcc -c -g -O2  conftest.c >&5
conftest.c: In function 'main':
conftest.c:91:21: error: expected expression before ')' token
 if (sizeof ((size_t)))
                     ^
configure:16294: $? = 1
configure: failed program was:
| /* confdefs.h */
| #define PACKAGE_NAME "lldpad"
| #define PACKAGE_TARNAME "lldpad"
| #define PACKAGE_VERSION "0.9.41"
| #define PACKAGE_STRING "lldpad 0.9.41"
| #define PACKAGE_BUGREPORT ""
| #define PACKAGE_URL ""
| #define PACKAGE "lldpad"
| #define VERSION "0.9.41"
| #define STDC_HEADERS 1
| #define HAVE_SYS_TYPES_H 1
| #define HAVE_SYS_STAT_H 1
| #define HAVE_STDLIB_H 1
| #define HAVE_STRING_H 1
| #define HAVE_MEMORY_H 1
| #define HAVE_STRINGS_H 1
| #define HAVE_INTTYPES_H 1
| #define HAVE_STDINT_H 1
| #define HAVE_UNISTD_H 1
| #define HAVE_DLFCN_H 1
| #define LT_OBJDIR ".libs/"
| #define HAVE_LIBNL 1
| #define HAVE_ALARM 1
| #define HAVE_GETTIMEOFDAY 1
| #define HAVE_INET_NTOA 1
| #define HAVE_MEMMOVE 1
| #define HAVE_MEMSET 1
| #define HAVE_MKDIR 1
| #define HAVE_RMDIR 1
| #define HAVE_SELECT 1
| #define HAVE_SOCKET 1
| #define HAVE_STRCASECMP 1
| #define HAVE_STRDUP 1
| #define HAVE_STRNCASECMP 1
| #define HAVE_STRTOL 1
| #define HAVE_STRTOUL 1
| #define HAVE_UNAME 1
| #define HAVE_ARPA_INET_H 1
| #define HAVE_FCNTL_H 1
| #define HAVE_NETDB_H 1
| #define HAVE_NETINET_IN_H 1
| #define HAVE_SYS_FILE_H 1
| #define HAVE_SYS_IOCTL_H 1
| #define HAVE_SYS_SOCKET_H 1
| #define HAVE_SYSLOG_H 1
| #define HAVE_UNISTD_H 1
| #define HAVE_CHOWN 1
| #define HAVE_STDLIB_H 1
| #define HAVE_MALLOC 1
| #define HAVE_STDLIB_H 1
| #define HAVE_REALLOC 1
| #define HAVE__BOOL 1
| #define HAVE_STDBOOL_H 1
| /* end confdefs.h.  */
| #include <stdio.h>
| #ifdef HAVE_SYS_TYPES_H
| # include <sys/types.h>
| #endif
| #ifdef HAVE_SYS_STAT_H
| # include <sys/stat.h>
| #endif
| #ifdef STDC_HEADERS
| # include <stdlib.h>
| # include <stddef.h>
| #else
| # ifdef HAVE_STDLIB_H
| #  include <stdlib.h>
| # endif
| #endif
| #ifdef HAVE_STRING_H
| # if !defined STDC_HEADERS && defined HAVE_MEMORY_H
| #  include <memory.h>
| # endif
| # include <string.h>
| #endif
| #ifdef HAVE_STRINGS_H
| # include <strings.h>
| #endif
| #ifdef HAVE_INTTYPES_H
| # include <inttypes.h>
| #endif
| #ifdef HAVE_STDINT_H
| # include <stdint.h>
| #endif
| #ifdef HAVE_UNISTD_H
| # include <unistd.h>
| #endif
| int
| main ()
| {
| if (sizeof ((size_t)))
| 	    return 0;
|   ;
|   return 0;
| }
configure:16294: result: yes
configure:16305: checking for ssize_t
configure:16305: gcc -c -g -O2  conftest.c >&5
configure:16305: $? = 0
configure:16305: gcc -c -g -O2  conftest.c >&5
conftest.c: In function 'main':
conftest.c:91:22: error: expected expression before ')' token
 if (sizeof ((ssize_t)))
                      ^
configure:16305: $? = 1
configure: failed program was:
| /* confdefs.h */
| #define PACKAGE_NAME "lldpad"
| #define PACKAGE_TARNAME "lldpad"
| #define PACKAGE_VERSION "0.9.41"
| #define PACKAGE_STRING "lldpad 0.9.41"
| #define PACKAGE_BUGREPORT ""
| #define PACKAGE_URL ""
| #define PACKAGE "lldpad"
| #define VERSION "0.9.41"
| #define STDC_HEADERS 1
| #define HAVE_SYS_TYPES_H 1
| #define HAVE_SYS_STAT_H 1
| #define HAVE_STDLIB_H 1
| #define HAVE_STRING_H 1
| #define HAVE_MEMORY_H 1
| #define HAVE_STRINGS_H 1
| #define HAVE_INTTYPES_H 1
| #define HAVE_STDINT_H 1
| #define HAVE_UNISTD_H 1
| #define HAVE_DLFCN_H 1
| #define LT_OBJDIR ".libs/"
| #define HAVE_LIBNL 1
| #define HAVE_ALARM 1
| #define HAVE_GETTIMEOFDAY 1
| #define HAVE_INET_NTOA 1
| #define HAVE_MEMMOVE 1
| #define HAVE_MEMSET 1
| #define HAVE_MKDIR 1
| #define HAVE_RMDIR 1
| #define HAVE_SELECT 1
| #define HAVE_SOCKET 1
| #define HAVE_STRCASECMP 1
| #define HAVE_STRDUP 1
| #define HAVE_STRNCASECMP 1
| #define HAVE_STRTOL 1
| #define HAVE_STRTOUL 1
| #define HAVE_UNAME 1
| #define HAVE_ARPA_INET_H 1
| #define HAVE_FCNTL_H 1
| #define HAVE_NETDB_H 1
| #define HAVE_NETINET_IN_H 1
| #define HAVE_SYS_FILE_H 1
| #define HAVE_SYS_IOCTL_H 1
| #define HAVE_SYS_SOCKET_H 1
| #define HAVE_SYSLOG_H 1
| #define HAVE_UNISTD_H 1
| #define HAVE_CHOWN 1
| #define HAVE_STDLIB_H 1
| #define HAVE_MALLOC 1
| #define HAVE_STDLIB_H 1
| #define HAVE_REALLOC 1
| #define HAVE__BOOL 1
| #define HAVE_STDBOOL_H 1
| /* end confdefs.h.  */
| #include <stdio.h>
| #ifdef HAVE_SYS_TYPES_H
| # include <sys/types.h>
| #endif
| #ifdef HAVE_SYS_STAT_H
| # include <sys/stat.h>
| #endif
| #ifdef STDC_HEADERS
| # include <stdlib.h>
| # include <stddef.h>
| #else
| # ifdef HAVE_STDLIB_H
| #  include <stdlib.h>
| # endif
| #endif
| #ifdef HAVE_STRING_H
| # if !defined STDC_HEADERS && defined HAVE_MEMORY_H
| #  include <memory.h>
| # endif
| # include <string.h>
| #endif
| #ifdef HAVE_STRINGS_H
| # include <strings.h>
| #endif
| #ifdef HAVE_INTTYPES_H
| # include <inttypes.h>
| #endif
| #ifdef HAVE_STDINT_H
| # include <stdint.h>
| #endif
| #ifdef HAVE_UNISTD_H
| # include <unistd.h>
| #endif
| int
| main ()
| {
| if (sizeof ((ssize_t)))
| 	    return 0;
|   ;
|   return 0;
| }
configure:16305: result: yes
configure:16316: checking for uid_t in sys/types.h
configure:16335: result: yes
configure:16494: checking that generated files are newer than configure
configure:16500: result: done
configure:16527: creating ./config.status

## ---------------------- ##
## Running config.status. ##
## ---------------------- ##

This file was extended by lldpad config.status 0.9.41, which was
generated by GNU Autoconf 2.69.  Invocation command line was

  CONFIG_FILES    = 
  CONFIG_HEADERS  = 
  CONFIG_LINKS    = 
  CONFIG_COMMANDS = 
  $ ./config.status 

on c28-01

config.status:1082: creating Makefile
config.status:1082: creating include/version.h
config.status:1082: creating lldpad.spec
config.status:1082: creating lldpad.pc
config.status:1254: executing depfiles commands
config.status:1254: executing libtool commands

## ---------------- ##
## Cache variables. ##
## ---------------- ##

ac_cv_build=x86_64-unknown-linux-gnu
ac_cv_c_compiler_gnu=yes
ac_cv_c_inline=inline
ac_cv_cxx_compiler_gnu=yes
ac_cv_env_CCC_set=
ac_cv_env_CCC_value=
ac_cv_env_CC_set=
ac_cv_env_CC_value=
ac_cv_env_CFLAGS_set=
ac_cv_env_CFLAGS_value=
ac_cv_env_CPPFLAGS_set=
ac_cv_env_CPPFLAGS_value=
ac_cv_env_CPP_set=
ac_cv_env_CPP_value=
ac_cv_env_CXXCPP_set=
ac_cv_env_CXXCPP_value=
ac_cv_env_CXXFLAGS_set=
ac_cv_env_CXXFLAGS_value=
ac_cv_env_CXX_set=
ac_cv_env_CXX_value=
ac_cv_env_LDFLAGS_set=
ac_cv_env_LDFLAGS_value=
ac_cv_env_LIBCONFIG_CFLAGS_set=
ac_cv_env_LIBCONFIG_CFLAGS_value=
ac_cv_env_LIBCONFIG_LIBS_set=
ac_cv_env_LIBCONFIG_LIBS_value=
ac_cv_env_LIBNL_CFLAGS_set=
ac_cv_env_LIBNL_CFLAGS_value=
ac_cv_env_LIBNL_LIBS_set=
ac_cv_env_LIBNL_LIBS_value=
ac_cv_env_LIBS_set=
ac_cv_env_LIBS_value=
ac_cv_env_PKG_CONFIG_LIBDIR_set=
ac_cv_env_PKG_CONFIG_LIBDIR_value=
ac_cv_env_PKG_CONFIG_PATH_set=
ac_cv_env_PKG_CONFIG_PATH_value=
ac_cv_env_PKG_CONFIG_set=
ac_cv_env_PKG_CONFIG_value=
ac_cv_env_build_alias_set=
ac_cv_env_build_alias_value=
ac_cv_env_host_alias_set=
ac_cv_env_host_alias_value=
ac_cv_env_target_alias_set=
ac_cv_env_target_alias_value=
ac_cv_func_alarm=yes
ac_cv_func_chown_works=yes
ac_cv_func_gettimeofday=yes
ac_cv_func_inet_ntoa=yes
ac_cv_func_malloc_0_nonnull=yes
ac_cv_func_memmove=yes
ac_cv_func_memset=yes
ac_cv_func_mkdir=yes
ac_cv_func_realloc_0_nonnull=yes
ac_cv_func_rmdir=yes
ac_cv_func_select=yes
ac_cv_func_socket=yes
ac_cv_func_strcasecmp=yes
ac_cv_func_strdup=yes
ac_cv_func_strncasecmp=yes
ac_cv_func_strtol=yes
ac_cv_func_strtoul=yes
ac_cv_func_uname=yes
ac_cv_header_arpa_inet_h=yes
ac_cv_header_dlfcn_h=yes
ac_cv_header_fcntl_h=yes
ac_cv_header_inttypes_h=yes
ac_cv_header_libconfig_h=yes
ac_cv_header_memory_h=yes
ac_cv_header_netdb_h=yes
ac_cv_header_netinet_in_h=yes
ac_cv_header_stdbool_h=yes
ac_cv_header_stdc=yes
ac_cv_header_stdint_h=yes
ac_cv_header_stdlib_h=yes
ac_cv_header_string_h=yes
ac_cv_header_strings_h=yes
ac_cv_header_sys_file_h=yes
ac_cv_header_sys_ioctl_h=yes
ac_cv_header_sys_socket_h=yes
ac_cv_header_sys_stat_h=yes
ac_cv_header_sys_types_h=yes
ac_cv_header_syslog_h=yes
ac_cv_header_unistd_h=yes
ac_cv_host=x86_64-unknown-linux-gnu
ac_cv_lib_nl_rtnl_link_get_by_name=yes
ac_cv_objext=o
ac_cv_path_EGREP='/bin/grep -E'
ac_cv_path_FGREP='/bin/grep -F'
ac_cv_path_GREP=/bin/grep
ac_cv_path_SED=/bin/sed
ac_cv_path_ac_pt_PKG_CONFIG=/bin/pkg-config
ac_cv_path_install='/bin/install -c'
ac_cv_path_mkdir=/bin/mkdir
ac_cv_prog_AWK=gawk
ac_cv_prog_CPP='gcc -E'
ac_cv_prog_CXXCPP='g++ -E'
ac_cv_prog_ac_ct_AR=ar
ac_cv_prog_ac_ct_CC=gcc
ac_cv_prog_ac_ct_CXX=g++
ac_cv_prog_ac_ct_OBJDUMP=objdump
ac_cv_prog_ac_ct_RANLIB=ranlib
ac_cv_prog_ac_ct_STRIP=strip
ac_cv_prog_cc_c89=
ac_cv_prog_cc_g=yes
ac_cv_prog_cxx_g=yes
ac_cv_prog_make_make_set=yes
ac_cv_type__Bool=yes
ac_cv_type_pid_t=yes
ac_cv_type_size_t=yes
ac_cv_type_ssize_t=yes
ac_cv_type_uid_t=yes
am_cv_CC_dependencies_compiler_type=gcc3
am_cv_CXX_dependencies_compiler_type=gcc3
am_cv_make_support_nested_variables=yes
lt_cv_ar_at_file=@
lt_cv_archive_cmds_need_lc=no
lt_cv_deplibs_check_method=pass_all
lt_cv_file_magic_cmd='$MAGIC_CMD'
lt_cv_file_magic_test_file=
lt_cv_ld_reload_flag=-r
lt_cv_nm_interface='BSD nm'
lt_cv_objdir=.libs
lt_cv_path_LD=/bin/ld
lt_cv_path_LDCXX='/bin/ld -m elf_x86_64'
lt_cv_path_NM='/bin/nm -B'
lt_cv_path_mainfest_tool=no
lt_cv_prog_compiler_c_o=yes
lt_cv_prog_compiler_c_o_CXX=yes
lt_cv_prog_compiler_pic='-fPIC -DPIC'
lt_cv_prog_compiler_pic_CXX='-fPIC -DPIC'
lt_cv_prog_compiler_pic_works=yes
lt_cv_prog_compiler_pic_works_CXX=yes
lt_cv_prog_compiler_rtti_exceptions=no
lt_cv_prog_compiler_static_works=yes
lt_cv_prog_compiler_static_works_CXX=yes
lt_cv_prog_gnu_ld=yes
lt_cv_prog_gnu_ldcxx=yes
lt_cv_sharedlib_from_linklib_cmd='printf %s\n'
lt_cv_shlibpath_overrides_runpath=no
lt_cv_sys_global_symbol_pipe='sed -n -e '\''s/^.*[	 ]\([ABCDGIRSTW][ABCDGIRSTW]*\)[	 ][	 ]*\([_A-Za-z][_A-Za-z0-9]*\)$/\1 \2 \2/p'\'' | sed '\''/ __gnu_lto/d'\'''
lt_cv_sys_global_symbol_to_c_name_address='sed -n -e '\''s/^: \([^ ]*\)[ ]*$/  {\"\1\", (void *) 0},/p'\'' -e '\''s/^[ABCDGIRSTW]* \([^ ]*\) \([^ ]*\)$/  {"\2", (void *) \&\2},/p'\'''
lt_cv_sys_global_symbol_to_c_name_address_lib_prefix='sed -n -e '\''s/^: \([^ ]*\)[ ]*$/  {\"\1\", (void *) 0},/p'\'' -e '\''s/^[ABCDGIRSTW]* \([^ ]*\) \(lib[^ ]*\)$/  {"\2", (void *) \&\2},/p'\'' -e '\''s/^[ABCDGIRSTW]* \([^ ]*\) \([^ ]*\)$/  {"lib\2", (void *) \&\2},/p'\'''
lt_cv_sys_global_symbol_to_cdecl='sed -n -e '\''s/^T .* \(.*\)$/extern int \1();/p'\'' -e '\''s/^[ABCDGIRSTW]* .* \(.*\)$/extern char \1;/p'\'''
lt_cv_sys_max_cmd_len=1572864
lt_cv_to_host_file_cmd=func_convert_file_noop
lt_cv_to_tool_file_cmd=func_convert_file_noop
pkg_cv_LIBCONFIG_CFLAGS=' '
pkg_cv_LIBCONFIG_LIBS='-lconfig  '
pkg_cv_LIBNL_CFLAGS=' '
pkg_cv_LIBNL_LIBS='-lnl  '

## ----------------- ##
## Output variables. ##
## ----------------- ##

ACLOCAL='${SHELL} /home/teague/src/open-lldp-0.9.41/missing aclocal-1.13'
AMDEPBACKSLASH='\'
AMDEP_FALSE='#'
AMDEP_TRUE=''
AMTAR='$${TAR-tar}'
AM_BACKSLASH='\'
AM_DEFAULT_V='$(AM_DEFAULT_VERBOSITY)'
AM_DEFAULT_VERBOSITY='1'
AM_V='$(V)'
AR='ar'
AUTOCONF='${SHELL} /home/teague/src/open-lldp-0.9.41/missing autoconf'
AUTOHEADER='${SHELL} /home/teague/src/open-lldp-0.9.41/missing autoheader'
AUTOMAKE='${SHELL} /home/teague/src/open-lldp-0.9.41/missing automake-1.13'
AWK='gawk'
CC='gcc'
CCDEPMODE='depmode=gcc3'
CFLAGS='-g -O2'
CPP='gcc -E'
CPPFLAGS=''
CXX='g++'
CXXCPP='g++ -E'
CXXDEPMODE='depmode=gcc3'
CXXFLAGS='-g -O2'
CYGPATH_W='echo'
DEFS='-DPACKAGE_NAME=\"lldpad\" -DPACKAGE_TARNAME=\"lldpad\" -DPACKAGE_VERSION=\"0.9.41\" -DPACKAGE_STRING=\"lldpad\ 0.9.41\" -DPACKAGE_BUGREPORT=\"\" -DPACKAGE_URL=\"\" -DPACKAGE=\"lldpad\" -DVERSION=\"0.9.41\" -DSTDC_HEADERS=1 -DHAVE_SYS_TYPES_H=1 -DHAVE_SYS_STAT_H=1 -DHAVE_STDLIB_H=1 -DHAVE_STRING_H=1 -DHAVE_MEMORY_H=1 -DHAVE_STRINGS_H=1 -DHAVE_INTTYPES_H=1 -DHAVE_STDINT_H=1 -DHAVE_UNISTD_H=1 -DHAVE_DLFCN_H=1 -DLT_OBJDIR=\".libs/\" -DHAVE_LIBNL=1 -DHAVE_ALARM=1 -DHAVE_GETTIMEOFDAY=1 -DHAVE_INET_NTOA=1 -DHAVE_MEMMOVE=1 -DHAVE_MEMSET=1 -DHAVE_MKDIR=1 -DHAVE_RMDIR=1 -DHAVE_SELECT=1 -DHAVE_SOCKET=1 -DHAVE_STRCASECMP=1 -DHAVE_STRDUP=1 -DHAVE_STRNCASECMP=1 -DHAVE_STRTOL=1 -DHAVE_STRTOUL=1 -DHAVE_UNAME=1 -DHAVE_ARPA_INET_H=1 -DHAVE_FCNTL_H=1 -DHAVE_NETDB_H=1 -DHAVE_NETINET_IN_H=1 -DHAVE_SYS_FILE_H=1 -DHAVE_SYS_IOCTL_H=1 -DHAVE_SYS_SOCKET_H=1 -DHAVE_SYSLOG_H=1 -DHAVE_UNISTD_H=1 -DHAVE_CHOWN=1 -DHAVE_STDLIB_H=1 -DHAVE_MALLOC=1 -DHAVE_STDLIB_H=1 -DHAVE_REALLOC=1 -DHAVE__BOOL=1 -DHAVE_STDBOOL_H=1'
DEPDIR='.deps'
DLLTOOL='false'
DSYMUTIL=''
DUMPBIN=''
ECHO_C=''
ECHO_N='-n'
ECHO_T=''
EGREP='/bin/grep -E'
EXEEXT=''
FGREP='/bin/grep -F'
GREP='/bin/grep'
INSTALL_DATA='${INSTALL} -m 644'
INSTALL_PROGRAM='${INSTALL}'
INSTALL_SCRIPT='${INSTALL}'
INSTALL_STRIP_PROGRAM='$(install_sh) -c -s'
LD='/bin/ld -m elf_x86_64'
LDFLAGS=''
LEX=':'
LEXLIB=''
LEX_OUTPUT_ROOT=''
LIBCONFIG_CFLAGS=' '
LIBCONFIG_LIBS='-lconfig  '
LIBNL_CFLAGS=' '
LIBNL_LIBS='-lnl  '
LIBOBJS=''
LIBS='-lnl '
LIBTOOL='$(SHELL) $(top_builddir)/libtool'
LIPO=''
LN_S='ln -s'
LTLIBOBJS=''
MAKEINFO='${SHELL} /home/teague/src/open-lldp-0.9.41/missing makeinfo'
MANIFEST_TOOL=':'
MKDIR_P='/bin/mkdir -p'
NM='/bin/nm -B'
NMEDIT=''
OBJDUMP='objdump'
OBJEXT='o'
OTOOL64=''
OTOOL=''
PACKAGE='lldpad'
PACKAGE_BUGREPORT=''
PACKAGE_NAME='lldpad'
PACKAGE_STRING='lldpad 0.9.41'
PACKAGE_TARNAME='lldpad'
PACKAGE_URL=''
PACKAGE_VERSION='0.9.41'
PATH_SEPARATOR=':'
PKG_CONFIG='/bin/pkg-config'
PKG_CONFIG_LIBDIR=''
PKG_CONFIG_PATH=''
RANLIB='ranlib'
SED='/bin/sed'
SET_MAKE=''
SHELL='/bin/sh'
STRIP='strip'
VERSION='0.9.41'
ac_ct_AR='ar'
ac_ct_CC='gcc'
ac_ct_CXX='g++'
ac_ct_DUMPBIN=''
am__EXEEXT_FALSE=''
am__EXEEXT_TRUE='#'
am__fastdepCC_FALSE='#'
am__fastdepCC_TRUE=''
am__fastdepCXX_FALSE='#'
am__fastdepCXX_TRUE=''
am__include='include'
am__isrc=''
am__leading_dot='.'
am__nodep='_no'
am__quote=''
am__tar='$${TAR-tar} chof - "$$tardir"'
am__untar='$${TAR-tar} xf -'
bindir='${exec_prefix}/bin'
build='x86_64-unknown-linux-gnu'
build_alias=''
build_cpu='x86_64'
build_os='linux-gnu'
build_vendor='unknown'
datadir='${datarootdir}'
datarootdir='${prefix}/share'
docdir='${datarootdir}/doc/${PACKAGE_TARNAME}'
dvidir='${docdir}'
exec_prefix='${prefix}'
host='x86_64-unknown-linux-gnu'
host_alias=''
host_cpu='x86_64'
host_os='linux-gnu'
host_vendor='unknown'
htmldir='${docdir}'
includedir='${prefix}/include'
infodir='${datarootdir}/info'
install_sh='${SHELL} /home/teague/src/open-lldp-0.9.41/install-sh'
libdir='${exec_prefix}/lib'
libexecdir='${exec_prefix}/libexec'
localedir='${datarootdir}/locale'
localstatedir='${prefix}/var'
mandir='${datarootdir}/man'
mkdir_p='$(MKDIR_P)'
oldincludedir='/usr/include'
pdfdir='${docdir}'
prefix='/usr/local'
program_transform_name='s,x,x,'
psdir='${docdir}'
sbindir='${exec_prefix}/sbin'
sharedstatedir='${prefix}/com'
sysconfdir='${prefix}/etc'
target_alias=''

## ----------- ##
## confdefs.h. ##
## ----------- ##

/* confdefs.h */
#define PACKAGE_NAME "lldpad"
#define PACKAGE_TARNAME "lldpad"
#define PACKAGE_VERSION "0.9.41"
#define PACKAGE_STRING "lldpad 0.9.41"
#define PACKAGE_BUGREPORT ""
#define PACKAGE_URL ""
#define PACKAGE "lldpad"
#define VERSION "0.9.41"
#define STDC_HEADERS 1
#define HAVE_SYS_TYPES_H 1
#define HAVE_SYS_STAT_H 1
#define HAVE_STDLIB_H 1
#define HAVE_STRING_H 1
#define HAVE_MEMORY_H 1
#define HAVE_STRINGS_H 1
#define HAVE_INTTYPES_H 1
#define HAVE_STDINT_H 1
#define HAVE_UNISTD_H 1
#define HAVE_DLFCN_H 1
#define LT_OBJDIR ".libs/"
#define HAVE_LIBNL 1
#define HAVE_ALARM 1
#define HAVE_GETTIMEOFDAY 1
#define HAVE_INET_NTOA 1
#define HAVE_MEMMOVE 1
#define HAVE_MEMSET 1
#define HAVE_MKDIR 1
#define HAVE_RMDIR 1
#define HAVE_SELECT 1
#define HAVE_SOCKET 1
#define HAVE_STRCASECMP 1
#define HAVE_STRDUP 1
#define HAVE_STRNCASECMP 1
#define HAVE_STRTOL 1
#define HAVE_STRTOUL 1
#define HAVE_UNAME 1
#define HAVE_ARPA_INET_H 1
#define HAVE_FCNTL_H 1
#define HAVE_NETDB_H 1
#define HAVE_NETINET_IN_H 1
#define HAVE_SYS_FILE_H 1
#define HAVE_SYS_IOCTL_H 1
#define HAVE_SYS_SOCKET_H 1
#define HAVE_SYSLOG_H 1
#define HAVE_UNISTD_H 1
#define HAVE_CHOWN 1
#define HAVE_STDLIB_H 1
#define HAVE_MALLOC 1
#define HAVE_STDLIB_H 1
#define HAVE_REALLOC 1
#define HAVE__BOOL 1
#define HAVE_STDBOOL_H 1

configure: exit 0
